C51 COMPILER V9.56.0.0   LCD1602                                                           12/05/2020 04:50:28 PAGE 1   


C51 COMPILER V9.56.0.0, COMPILATION OF MODULE LCD1602
OBJECT MODULE PLACED IN .\Objects\lcd1602.obj
COMPILER INVOKED BY: G:\KEIL C51\C51\BIN\C51.EXE lcd1602.c OPTIMIZE(8,SPEED) BROWSE DEBUG OBJECTEXTEND PRINT(.\Listings\
                    -lcd1602.lst) TABS(2) OBJECT(.\Objects\lcd1602.obj)

line level    source

   1          #include "lcd1602.h"
   2          #include "delay.h"
   3          #include<string.h>
   4          
   5          void LcdWriteCom(u8 com)    
   6          {
   7   1        LCD1602_E = 0;     
   8   1        LCD1602_RS = 0;    
   9   1        LCD1602_RW = 0;    
  10   1        
  11   1        LCD = com;     
  12   1        delay_nms(1);
  13   1        
  14   1        LCD1602_E = 1;            
  15   1        delay_nms(5);   
  16   1        LCD1602_E = 0;
  17   1      }
  18          
  19          void LcdWriteData(u8 dat)     
  20          {
  21   1        LCD1602_E = 0;  
  22   1        LCD1602_RS = 1; 
  23   1        LCD1602_RW = 0; 
  24   1      
  25   1        LCD = dat; 
  26   1        delay_nms(1);
  27   1      
  28   1        LCD1602_E = 1;   
  29   1        delay_nms(5);   
  30   1        LCD1602_E = 0;
  31   1      }
  32          
  33          void LcdInit()              
  34          {
  35   1        LcdWriteCom(0x38);  //开显示
  36   1        LcdWriteCom(0x0c);  //开显示不显示光标
  37   1        LcdWriteCom(0x06);  //写一个指针加1
  38   1        LcdWriteCom(0x01);  //清屏
  39   1        LcdWriteCom(0x80);  //设置数据指针起点
  40   1      }
  41          
  42          void LcdString(u8 *str, u8 x, u8 y)
  43          {
  44   1        LcdWriteCom(0x80 + (x - 1) + 0x40 * (y - 1));
  45   1        while(*str != '\0')
  46   1          LcdWriteData(*str++);
  47   1      }
  48          
  49          
  50          
  51          
  52          /* 显示字符，自动换行 V1.0.0*/
  53          // 存在一些问题
  54          //void LcdString(u8* str)
C51 COMPILER V9.56.0.0   LCD1602                                                           12/05/2020 04:50:28 PAGE 2   

  55          //{
  56          //  u8 i, len = strlen(str);
  57          //  u8 n = len > 16 ? len : 16;
  58          //  for(i = 0; i < n; i++)
  59          //    LcdWriteData(str[i]);
  60          //  //如果字符数大于16，显示第二行
  61          //  if(len > 16)
  62          //  {
  63          //    n = len > 32 ? 32 : len;
  64          //    LcdWriteCom(0xC0);//第二行显示命令
  65          //    for(i=16; i < n; i++)
  66          //    {
  67          //      led0=0;
  68          //      LcdWriteData(str[i]);
  69          //    }
  70          //  }
  71          //}


MODULE INFORMATION:   STATIC OVERLAYABLE
   CODE SIZE        =    132    ----
   CONSTANT SIZE    =   ----    ----
   XDATA SIZE       =   ----    ----
   PDATA SIZE       =   ----    ----
   DATA SIZE        =   ----       5
   IDATA SIZE       =   ----    ----
   BIT SIZE         =   ----    ----
END OF MODULE INFORMATION.


C51 COMPILATION COMPLETE.  0 WARNING(S),  0 ERROR(S)
