C51 COMPILER V9.56.0.0   SG90                                                              12/05/2020 20:37:10 PAGE 1   


C51 COMPILER V9.56.0.0, COMPILATION OF MODULE SG90
OBJECT MODULE PLACED IN .\Objects\SG90.obj
COMPILER INVOKED BY: G:\KEIL C51\C51\BIN\C51.EXE SG90.c OPTIMIZE(8,SPEED) BROWSE DEBUG OBJECTEXTEND PRINT(.\Listings\SG9
                    -0.lst) TABS(2) OBJECT(.\Objects\SG90.obj)

line level    source

   1          #include "SG90.h"
   2          
   3          int cnt200 = 0; //plus 1 is pass 100us, every period is 20ms
   4          
   5          void SGTurn(char turn) //turn=0,不动；turn=-90，逆时针90度；turn=90顺时针90度
   6          {
   7   1        u8 high = 15 + turn / 9, PWMFreq = 15;
   8   1        TR0 = 1;
   9   1        while(PWMFreq)
  10   1        {
  11   2          if(cnt200 == high)
  12   2            SG = 0;
  13   2          if(cnt200 == 200)
  14   2          {
  15   3            SG = 1;
  16   3            cnt200 = 0;
  17   3            PWMFreq--;
  18   3          }
  19   2        }
  20   1        TR0 = 0;
  21   1      }


MODULE INFORMATION:   STATIC OVERLAYABLE
   CODE SIZE        =     47    ----
   CONSTANT SIZE    =   ----    ----
   XDATA SIZE       =   ----    ----
   PDATA SIZE       =   ----    ----
   DATA SIZE        =      2    ----
   IDATA SIZE       =   ----    ----
   BIT SIZE         =   ----    ----
END OF MODULE INFORMATION.


C51 COMPILATION COMPLETE.  0 WARNING(S),  0 ERROR(S)
