C51 COMPILER V9.56.0.0   TFT                                                               12/05/2020 20:37:10 PAGE 1   


C51 COMPILER V9.56.0.0, COMPILATION OF MODULE TFT
OBJECT MODULE PLACED IN .\Objects\TFT.obj
COMPILER INVOKED BY: G:\KEIL C51\C51\BIN\C51.EXE TFT.c OPTIMIZE(8,SPEED) BROWSE DEBUG OBJECTEXTEND PRINT(.\Listings\TFT.
                    -lst) TABS(2) OBJECT(.\Objects\TFT.obj)

line level    source

   1          #include "TFT.h"
   2          
   3          void delay(u16 time)
   4          {
   5   1       u16 i,j;
   6   1        for(i=0;i<time;i++)
   7   1         for(j=0;j<250;j++);
   8   1      }
   9          
  10          //向SPI总线传输一个8位数据
  11          void  SPI_WriteData(u8 Data)
  12          {
  13   1        unsigned char i=0;
  14   1        for(i=8;i>0;i--)
  15   1        {
  16   2          if(Data&0x80) 
  17   2          sda=1; //输出数据
  18   2          else sda=0;
  19   2          scl=0;
  20   2          scl=1;
  21   2          Data<<=1;
  22   2        }
  23   1      }
  24          //向液晶屏写一个8位指令
  25          void  Lcd_WriteIndex(u8 Data)
  26          {
  27   1          
  28   1          cs=0;
  29   1          rs=0;
  30   1          SPI_WriteData(Data);    
  31   1          cs=1;
  32   1      }
  33          //向液晶屏写一个8位数据
  34          void  Lcd_WriteData(u8 Data)
  35          { 
  36   1          unsigned char i=0;
  37   1          cs=0;
  38   1          rs=1;
  39   1          SPI_WriteData(Data);  
  40   1          cs=1;
  41   1      }
  42          //向液晶屏写一个16位数据
  43          void  Lcd_WriteData_16(u16 Data)
  44          {
  45   1        unsigned char i=0;
  46   1        cs=0;
  47   1        rs=1;
  48   1        SPI_WriteData(Data>>8);   //写入高8位数据
  49   1        SPI_WriteData(Data);      //写入低8位数据
  50   1        cs=1;
  51   1      
  52   1      }
  53          //LCD复位时序
  54          void Reset(void)
C51 COMPILER V9.56.0.0   TFT                                                               12/05/2020 20:37:10 PAGE 2   

  55          {
  56   1          reset=0;
  57   1          delay(100);
  58   1          reset=1;
  59   1          delay(100);
  60   1      }
  61          //////////////////////////////////////////////////////////////////////////////////////////////
  62          //液晶屏初始化 for S6D02A1
  63          void lcd_initial(void)
  64          {
  65   1        Reset();//Reset before LCD Init.
  66   1          
  67   1        //LCD Init For 1.44Inch LCD Panel with ST7735R.
  68   1        Lcd_WriteIndex(0x11);//Sleep exit 
  69   1        delay (120);
  70   1          
  71   1        //ST7735R Frame Rate
  72   1        Lcd_WriteIndex(0xB1); 
  73   1        Lcd_WriteData(0x01); 
  74   1        Lcd_WriteData(0x2C); 
  75   1        Lcd_WriteData(0x2D); 
  76   1      
  77   1        Lcd_WriteIndex(0xB2); 
  78   1        Lcd_WriteData(0x01); 
  79   1        Lcd_WriteData(0x2C); 
  80   1        Lcd_WriteData(0x2D); 
  81   1      
  82   1        Lcd_WriteIndex(0xB3); 
  83   1        Lcd_WriteData(0x01); 
  84   1        Lcd_WriteData(0x2C); 
  85   1        Lcd_WriteData(0x2D); 
  86   1        Lcd_WriteData(0x01); 
  87   1        Lcd_WriteData(0x2C); 
  88   1        Lcd_WriteData(0x2D); 
  89   1        
  90   1        Lcd_WriteIndex(0xB4); //Column inversion 
  91   1        Lcd_WriteData(0x07); 
  92   1        
  93   1        //ST7735R Power Sequence
  94   1        Lcd_WriteIndex(0xC0); 
  95   1        Lcd_WriteData(0xA2); 
  96   1        Lcd_WriteData(0x02); 
  97   1        Lcd_WriteData(0x84); 
  98   1        Lcd_WriteIndex(0xC1); 
  99   1        Lcd_WriteData(0xC5); 
 100   1      
 101   1        Lcd_WriteIndex(0xC2); 
 102   1        Lcd_WriteData(0x0A); 
 103   1        Lcd_WriteData(0x00); 
 104   1      
 105   1        Lcd_WriteIndex(0xC3); 
 106   1        Lcd_WriteData(0x8A); 
 107   1        Lcd_WriteData(0x2A); 
 108   1        Lcd_WriteIndex(0xC4); 
 109   1        Lcd_WriteData(0x8A); 
 110   1        Lcd_WriteData(0xEE); 
 111   1        
 112   1        Lcd_WriteIndex(0xC5); //VCOM 
 113   1        Lcd_WriteData(0x0E); 
 114   1        
 115   1        Lcd_WriteIndex(0x36); //MX, MY, RGB mode 
 116   1        Lcd_WriteData(0xC8); 
C51 COMPILER V9.56.0.0   TFT                                                               12/05/2020 20:37:10 PAGE 3   

 117   1        
 118   1        //ST7735R Gamma Sequence
 119   1        Lcd_WriteIndex(0xe0); 
 120   1        Lcd_WriteData(0x0f); 
 121   1        Lcd_WriteData(0x1a); 
 122   1        Lcd_WriteData(0x0f); 
 123   1        Lcd_WriteData(0x18); 
 124   1        Lcd_WriteData(0x2f); 
 125   1        Lcd_WriteData(0x28); 
 126   1        Lcd_WriteData(0x20); 
 127   1        Lcd_WriteData(0x22); 
 128   1        Lcd_WriteData(0x1f); 
 129   1        Lcd_WriteData(0x1b); 
 130   1        Lcd_WriteData(0x23); 
 131   1        Lcd_WriteData(0x37); 
 132   1        Lcd_WriteData(0x00);  
 133   1        Lcd_WriteData(0x07); 
 134   1        Lcd_WriteData(0x02); 
 135   1        Lcd_WriteData(0x10); 
 136   1      
 137   1        Lcd_WriteIndex(0xe1); 
 138   1        Lcd_WriteData(0x0f); 
 139   1        Lcd_WriteData(0x1b); 
 140   1        Lcd_WriteData(0x0f); 
 141   1        Lcd_WriteData(0x17); 
 142   1        Lcd_WriteData(0x33); 
 143   1        Lcd_WriteData(0x2c); 
 144   1        Lcd_WriteData(0x29); 
 145   1        Lcd_WriteData(0x2e); 
 146   1        Lcd_WriteData(0x30); 
 147   1        Lcd_WriteData(0x30); 
 148   1        Lcd_WriteData(0x39); 
 149   1        Lcd_WriteData(0x3f); 
 150   1        Lcd_WriteData(0x00); 
 151   1        Lcd_WriteData(0x07); 
 152   1        Lcd_WriteData(0x03); 
 153   1        Lcd_WriteData(0x10);  
 154   1        
 155   1        Lcd_WriteIndex(0x2a);
 156   1        Lcd_WriteData(0x00);
 157   1        Lcd_WriteData(0x00+2);
 158   1        Lcd_WriteData(0x00);
 159   1        Lcd_WriteData(0x80+2);
 160   1      
 161   1        Lcd_WriteIndex(0x2b);
 162   1        Lcd_WriteData(0x00);
 163   1        Lcd_WriteData(0x00+3);
 164   1        Lcd_WriteData(0x00);
 165   1        Lcd_WriteData(0x80+3);
 166   1        
 167   1        Lcd_WriteIndex(0xF0); //Enable test command  
 168   1        Lcd_WriteData(0x01); 
 169   1        Lcd_WriteIndex(0xF6); //Disable ram power save mode 
 170   1        Lcd_WriteData(0x00); 
 171   1        
 172   1        Lcd_WriteIndex(0x3A); //65k mode 
 173   1        Lcd_WriteData(0x05); 
 174   1        
 175   1        
 176   1        Lcd_WriteIndex(0x29);//Display on
 177   1      
 178   1      }
C51 COMPILER V9.56.0.0   TFT                                                               12/05/2020 20:37:10 PAGE 4   

 179          /*************************************************
 180          函数名：LCD_Set_Region
 181          功能：设置lcd显示区域，在此区域写点数据自动换行
 182          入口参数：xy起点和终点
 183          返回值：无
 184          *************************************************/
 185          void Lcd_SetRegion(u16 x_start,u16 y_start,u16 x_end,u16 y_end)
 186          {   
 187   1        Lcd_WriteIndex(0x2a);
 188   1        Lcd_WriteData(0x00);
 189   1        Lcd_WriteData(x_start+2);
 190   1        Lcd_WriteData(0x00);
 191   1        Lcd_WriteData(x_end+2);
 192   1      
 193   1        Lcd_WriteIndex(0x2b);
 194   1        Lcd_WriteData(0x00);
 195   1        Lcd_WriteData(y_start+3);
 196   1        Lcd_WriteData(0x00);
 197   1        Lcd_WriteData(y_end+3);
 198   1        
 199   1        Lcd_WriteIndex(0x2c);
 200   1      
 201   1      }
 202          
 203          //全屏填充函数
 204          void LCD_Clear(u16 Color)
 205          {
 206   1        u8 i,j;
 207   1        Lcd_SetRegion(0,0,128-1,128-1);
 208   1        for (i=0;i<128;i++)
 209   1        {
 210   2            for (j=0;j<128;j++)
 211   2          {
 212   3                Lcd_WriteData_16(Color);
 213   3          }
 214   2        }
 215   1      }
 216          
 217          void PutPixel(u16 x_start,u16 y_start,u16 color)
 218          {
 219   1        Lcd_SetRegion(x_start,y_start,x_start+1,y_start+1);
 220   1        Lcd_WriteData_16(color);
 221   1        
 222   1      }
 223          
 224          void dsp_single_colour(int color)
 225          {
 226   1        u8 i,j;
 227   1        Lcd_SetRegion(0,0,128-1,128-1);
 228   1        for (i=0;i<128;i++)
 229   1            for (j=0;j<128;j++)
 230   1                Lcd_WriteData_16(color);
 231   1      }
 232          
 233          void Display_ASCII8X16(u16 x0,u16 y0,u8 *s)
 234          {
 235   1        int i,j,k,x,y,xx;
 236   1        
 237   1        unsigned char qm;
 238   1        
 239   1        long int ulOffset;
 240   1        
C51 COMPILER V9.56.0.0   TFT                                                               12/05/2020 20:37:10 PAGE 5   

 241   1        char  ywbuf[32],temp[2];
 242   1      
 243   1        for(i = 0; i<strlen((char*)s);i++)
 244   1        {
 245   2          if(((unsigned char)(*(s+i))) >= 161)
 246   2          {
 247   3            temp[0] = *(s+i);
 248   3            temp[1] = '\0';
 249   3            return;
 250   3          }
 251   2          
 252   2          else
 253   2          {
 254   3            qm = *(s+i) - 25;
 255   3      
 256   3            ulOffset = (long int)(qm) * 16;
 257   3            
 258   3            for (j = 0; j < 16; j ++)
 259   3            {
 260   4              ywbuf[j]=Zk_ASCII8X16[ulOffset+j];
 261   4            }
 262   3                   
 263   3            for(y = 0;y < 16;y++)
 264   3            {
 265   4                for(x=0;x<8;x++) 
 266   4                {
 267   5                   k=x % 8;
 268   5                        
 269   5                  if(ywbuf[y]&(0x80 >> k))
 270   5                  {
 271   6                    xx=x0+x+i*8;
 272   6                    PutPixel(xx,y+y0,RED);
 273   6                  }
 274   5                    
 275   5                }
 276   4            }
 277   3      
 278   3          }
 279   2        }       
 280   1      }
 281          
 282          void TFT_Init()
 283          {
 284   1        lcd_initial(); //液晶屏初始化
 285   1        bl=1;//背光采用IO控制，也可以直接接到高电平常亮
 286   1        dsp_single_colour(WHITE);
 287   1      }
 288          
 289          
 290          
 291          u8 code Zk_ASCII8X16[]=
 292           {
 293          //  0x00,0x00,0x00,0x00,0x00,0x00,0x00,0x00,0x00,0x00,0x00,0x00,0x00,
 294          //  0x00,0x00,0x00,0x00,0x00,0x00,0x00,0x00,0x00,0x00,0x00,0x00,0x00,
 295          //  0x00,0x00,0x00,0x00,0x00,0x00,0x00,0x00,0x00,0x00,0x00,0x00,0x00,
 296          //  0x00,0x00,0x00,0x00,0x00,0x00,0x00,0x00,0x00,0x00,0x00,0x00,0x00,
 297          //  0x00,0x00,0x00,0x00,0x00,0x00,0x00,0x00,0x00,0x00,0x00,0x00,0x00,
 298          //  0x00,0x00,0x00,0x00,0x00,0x00,0x00,0x00,0x00,0x00,0x00,0x00,0x00,
 299          //  0x00,0x00,0x00,0x00,0x00,0x00,0x00,0x00,0x00,0x00,0x00,0x00,0x00,
 300          //  0x00,0x00,0x00,0x00,0x00,0x00,0x00,0x00,0x00,0x00,0x00,0x00,0x00,
 301          //  0x00,0x00,0x00,0x00,0x00,0x00,0x00,0x00,0x00,0x00,0x00,0x00,0x00,
 302          //  0x00,0x00,0x00,0x00,0x00,0x00,0x00,0x00,0x00,0x00,0x00,0x00,0x00,
C51 COMPILER V9.56.0.0   TFT                                                               12/05/2020 20:37:10 PAGE 6   

 303          //  0x00,0x18,0x08,0xc8,0x08,0x08,0x00,0x00,0x00,0x00,0x00,0x00,0x00,
 304          //  0x00,0x00,0x00,0x7f,0x60,0x60,0x60,0x60,0x60,0x60,0x60,0x60,0xe0,
 305          //  0x60,0x20,0x00,0x00,0x00,0x00,0x00,0x00,0x00,0x00,0x00,0x00,0x00,
 306          //  0x00,0x00,0x00,0x00,0x00,0x00,0x00,0x00,0x00,0x18,0x18,0x18,0x10,
 307          //  0x10,0x10,0x00,0x00,0x00,0x00,0x00,0x00,0x00,0x00,0x00,0x00,0x00,
 308          //  0x00,0x00,0x00,0x00,0x00,0x08,0x08,0x08,0x0c,0x0c,0x0c,0x00,0x00,
 309          //  0x00,0x00,0x00,0x00,0x00,0x00,0x00,0x00,0x00,0x00,0x00,0x00,0x00,
 310          //  0x00,0x00,0x00,0x00,0x00,0x6c,0x38,0x10,0x00,0x7c,0xc6,0x70,0x1c,
 311          //  0xc6,0x7c,0x00,0x00,0x00,0x00,0x00,0x00,0x10,0x38,0x6c,0x00,0x78,
 312          //  0x0c,0x7c,0xcc,0xcc,0x76,0x00,0x00,0x00,0x00,0x00,0x00,0x00,0x00,
 313          //  0x00,0x00,0x7c,0xc6,0x70,0xc0,0xc6,0x7c,0x00,0x00,0x00,0x00,0x00,
 314          //  0x00,0x00,0x00,0x00,0x00,0x6c,0x96,0x7c,0xd0,0xd6,0x6c,0x00,0x00,
 315          //  0x00,0x00,0x00,0x00,0x00,0x00,0x00,0x00,0x7c,0xc6,0x06,0x06,0xc6,
 316          //  0x7c,0x00,0x00,0x00,0x00,0x00,0x00,0x00,0x38,0x6c,0xc6,0xc6,0xfe,
 317          //  0xc6,0xc6,0x6c,0x38,0x00,0x00,0x00,0x00,0x00,0x00,0x00,0x00,0x00,
 318          //  0x10,0x38,0x28,0x6c,0x44,0xc6,0xc6,0x00,0x00,0x00,0x00,0x00,0x00,
 319          //  0x00,0x00,0x00,0x00,0x7c,0xc6,0x06,0xfe,0xc6,0x7c,0x00,0x00,0x00,
 320          //  0x00,0x00,0x00,0x00,0x00,0x00,0x00,0xdc,0x66,0x66,0x66,0xf6,0x06,
 321          //  0x06,0x66,0x3c,0x00,0x00,0x00,0x00,0x6c,0x38,0xf8,0x0c,0x7e,0xc6,
 322          //  0xc6,0xc6,0x7c,0x00,0x00,0x00,0x00,0x00,0x00,0x00,0x0e,0x1b,0x18,
 323          //  0x18,0x18,0x18,0x18,0x18,0x18,0xd8,0x70,0x00,0x00,0x00,0x00,0x00,
 324            0x00,0x00,0xfe,0x86,0x0c,0x18,0x0c,0x06,0x06,0xc6,0x7c,0x00,0x00,
 325            0x00,0x00,0x76,0xdc,0x00,0x00,0x78,0x0c,0x7c,0xcc,0xcc,0x76,0x00,
 326            0x00,0x00,0x00,0x00,0x00,0x76,0xdc,0x00,0x00,0x7c,0xc6,0x06,0x06,
 327            0xc6,0x7c,0x00,0x00,0x00,0x00,0x00,0x00,0x76,0xdc,0x00,0x00,0xdc,
 328            0x66,0x66,0x66,0x66,0x66,0x00,0x00,0x00,0x00,0x00,0x00,0x00,0x00,
 329            0x00,0x00,0x76,0x99,0x9f,0x98,0x99,0x6f,0x00,0x00,0x00,0x00,0x00,
 330            0x00,0x00,0x00,0x00,0x00,0x00,0x00,0x00,0x00,0x00,0x0c,0x06,0x06,
 331            0x00,0x00,0x00,0x00,0x00,0x00,0x00,0x00,0x00,0x00,0x00,0x00,0x3c,
 332            0x66,0x66,0x3c,0x00,0x00,0x00,0x00,0x00,0x00,0x00,0x00,0x00,0x00,
 333            0x00,0x00,0x00,0x00,0x00,0x00,0x00,0x00,0x00,0x00,0x00,0x18,0x3c,
 334            0x3c,0x3c,0x18,0x18,0x00,0x18,0x18,0x00,0x00,0x00,0x00,0x00,0x00,
 335            0xc6,0xc6,0xc6,0x44,0x00,0x00,0x00,0x00,0x00,0x00,0x00,0x00,0x00,
 336            0x00,0x00,0x00,0x00,0x6c,0x6c,0xfe,0x6c,0x6c,0x6c,0xfe,0x6c,0x6c,
 337            0x00,0x00,0x00,0x00,0x00,0x18,0x18,0x7c,0xc6,0xc2,0xc0,0x7c,0x06,
 338            0x86,0xc6,0x7c,0x18,0x18,0x00,0x00,0x00,0x00,0x00,0x00,0x00,0xc3,
 339            0xc6,0x0c,0x18,0x30,0x63,0xc3,0x00,0x00,0x00,0x00,0x00,0x00,0x00,
 340            0x38,0x6c,0x6c,0x38,0x76,0xdc,0xcc,0xcc,0x76,0x00,0x00,0x00,0x00,
 341            0x00,0x00,0x30,0x30,0x30,0x60,0x00,0x00,0x00,0x00,0x00,0x00,0x00,
 342            0x00,0x00,0x00,0x00,0x00,0x00,0x18,0x30,0x60,0x60,0x60,0x60,0x60,
 343            0x30,0x18,0x00,0x00,0x00,0x00,0x00,0x00,0x00,0x18,0x0c,0x06,0x06,
 344            0x06,0x06,0x06,0x0c,0x18,0x00,0x00,0x00,0x00,0x00,0x00,0x00,0x00,
 345            0x00,0x6c,0x38,0xfe,0x38,0x6c,0x00,0x00,0x00,0x00,0x00,0x00,0x00,
 346            0x00,0x00,0x00,0x18,0x18,0x18,0x7e,0x18,0x18,0x18,0x00,0x00,0x00,
 347            0x00,0x00,0x00,0x00,0x00,0x00,0x00,0x00,0x00,0x00,0x00,0x18,0x18,
 348            0x18,0x30,0x00,0x00,0x00,0x00,0x00,0x00,0x00,0x00,0x00,0x00,0xfe,
 349            0x00,0x00,0x00,0x00,0x00,0x00,0x00,0x00,0x00,0x00,0x00,0x00,0x00,
 350            0x00,0x00,0x00,0x00,0x00,0x18,0x18,0x00,0x00,0x00,0x00,0x00,0x00,
 351            0x00,0x02,0x06,0x0c,0x18,0x30,0x60,0xc0,0x80,0x00,0x00,0x00,0x00,
 352            0x00,0x00,0x00,0x00,0x7c,0xc6,0xce,0xde,0xf6,0xe6,0xc6,0xc6,0x7c,
 353            0x00,0x00,0x00,0x00,0x00,0x00,0x00,0x18,0x38,0x78,0x18,0x18,0x18,
 354            0x18,0x18,0x7e,0x00,0x00,0x00,0x00,0x00,0x00,0x00,0x7c,0xc6,0x06,
 355            0x0c,0x18,0x30,0x60,0xc6,0xfe,0x00,0x00,0x00,0x00,0x00,0x00,0x00,
 356            0x7c,0xc6,0x06,0x06,0x3c,0x06,0x06,0xc6,0x7c,0x00,0x00,0x00,0x00,
 357            0x00,0x00,0x00,0x0c,0x1c,0x3c,0x6c,0xcc,0xfe,0x0c,0x0c,0x1e,0x00,
 358            0x00,0x00,0x00,0x00,0x00,0x00,0xfe,0xc0,0xc0,0xc0,0xfc,0x06,0x06,
 359            0xc6,0x7c,0x00,0x00,0x00,0x00,0x00,0x00,0x00,0x38,0x60,0xc0,0xc0,
 360            0xfc,0xc6,0xc6,0xc6,0x7c,0x00,0x00,0x00,0x00,0x00,0x00,0x00,0xfe,
 361            0xc6,0x06,0x0c,0x18,0x30,0x30,0x30,0x30,0x00,0x00,0x00,0x00,0x00,
 362            0x00,0x00,0x7c,0xc6,0xc6,0xc6,0x7c,0xc6,0xc6,0xc6,0x7c,0x00,0x00,
 363            0x00,0x00,0x00,0x00,0x00,0x7c,0xc6,0xc6,0xc6,0x7e,0x06,0x06,0x0c,
 364            0x78,0x00,0x00,0x00,0x00,0x00,0x00,0x00,0x00,0x18,0x18,0x00,0x00,
C51 COMPILER V9.56.0.0   TFT                                                               12/05/2020 20:37:10 PAGE 7   

 365            0x00,0x18,0x18,0x00,0x00,0x00,0x00,0x00,0x00,0x00,0x00,0x00,0x18,
 366            0x18,0x00,0x00,0x00,0x18,0x18,0x30,0x00,0x00,0x00,0x00,0x00,0x00,
 367            0x00,0x06,0x0c,0x18,0x30,0x60,0x30,0x18,0x0c,0x06,0x00,0x00,0x00,
 368            0x00,0x00,0x00,0x00,0x00,0x00,0x00,0x7e,0x00,0x00,0x7e,0x00,0x00,
 369            0x00,0x00,0x00,0x00,0x00,0x00,0x00,0x60,0x30,0x18,0x0c,0x06,0x0c,
 370            0x18,0x30,0x60,0x00,0x00,0x00,0x00,0x00,0x00,0x00,0x7c,0xc6,0xc6,
 371            0x0c,0x18,0x18,0x00,0x18,0x18,0x00,0x00,0x00,0x00,0x00,0x00,0x00,
 372            0x7c,0xc6,0xc6,0xde,0xde,0xde,0xdc,0xc0,0x7c,0x00,0x00,0x00,0x00,
 373            0x00,0x00,0x00,0x10,0x38,0x6c,0xc6,0xc6,0xfe,0xc6,0xc6,0xc6,0x00,
 374            0x00,0x00,0x00,0x00,0x00,0x00,0xfc,0x66,0x66,0x66,0x7c,0x66,0x66,
 375            0x66,0xfc,0x00,0x00,0x00,0x00,0x00,0x00,0x00,0x3c,0x66,0xc2,0xc0,
 376            0xc0,0xc0,0xc2,0x66,0x3c,0x00,0x00,0x00,0x00,0x00,0x00,0x00,0xf8,
 377            0x6c,0x66,0x66,0x66,0x66,0x66,0x6c,0xf8,0x00,0x00,0x00,0x00,0x00,
 378            0x00,0x00,0xfe,0x66,0x62,0x68,0x78,0x68,0x62,0x66,0xfe,0x00,0x00,
 379            0x00,0x00,0x00,0x00,0x00,0xfe,0x66,0x62,0x68,0x78,0x68,0x60,0x60,
 380            0xf0,0x00,0x00,0x00,0x00,0x00,0x00,0x00,0x3c,0x66,0xc2,0xc0,0xc0,
 381            0xde,0xc6,0x66,0x3a,0x00,0x00,0x00,0x00,0x00,0x00,0x00,0xc6,0xc6,
 382            0xc6,0xc6,0xfe,0xc6,0xc6,0xc6,0xc6,0x00,0x00,0x00,0x00,0x00,0x00,
 383            0x00,0x3c,0x18,0x18,0x18,0x18,0x18,0x18,0x18,0x3c,0x00,0x00,0x00,
 384            0x00,0x00,0x00,0x00,0x1e,0x0c,0x0c,0x0c,0x0c,0x0c,0xcc,0xcc,0x78,
 385            0x00,0x00,0x00,0x00,0x00,0x00,0x00,0xe6,0x66,0x6c,0x6c,0x78,0x6c,
 386            0x6c,0x66,0xe6,0x00,0x00,0x00,0x00,0x00,0x00,0x00,0xf0,0x60,0x60,
 387            0x60,0x60,0x60,0x62,0x66,0xfe,0x00,0x00,0x00,0x00,0x00,0x00,0x00,
 388            0xc6,0xee,0xfe,0xd6,0xc6,0xc6,0xc6,0xc6,0xc6,0x00,0x00,0x00,0x00,
 389            0x00,0x00,0x00,0xc6,0xe6,0xf6,0xfe,0xde,0xce,0xc6,0xc6,0xc6,0x00,
 390            0x00,0x00,0x00,0x00,0x00,0x00,0x38,0x6c,0xc6,0xc6,0xc6,0xc6,0xc6,
 391            0x6c,0x38,0x00,0x00,0x00,0x00,0x00,0x00,0x00,0xfc,0x66,0x66,0x66,
 392            0x7c,0x60,0x60,0x60,0xf0,0x00,0x00,0x00,0x00,0x00,0x00,0x00,0x7c,
 393            0xc6,0xc6,0xc6,0xd6,0xde,0x7c,0x0c,0x0e,0x00,0x00,0x00,0x00,0x00,
 394            0x00,0x00,0xfc,0x66,0x66,0x66,0x7c,0x6c,0x66,0x66,0xe6,0x00,0x00,
 395            0x00,0x00,0x00,0x00,0x00,0x7c,0xc6,0xc6,0x60,0x38,0x0c,0xc6,0xc6,
 396            0x7c,0x00,0x00,0x00,0x00,0x00,0x00,0x00,0x7e,0x5a,0x18,0x18,0x18,
 397            0x18,0x18,0x18,0x3c,0x00,0x00,0x00,0x00,0x00,0x00,0x00,0xc6,0xc6,
 398            0xc6,0xc6,0xc6,0xc6,0xc6,0xc6,0x7c,0x00,0x00,0x00,0x00,0x00,0x00,
 399            0x00,0xc6,0xc6,0xc6,0xc6,0xc6,0xc6,0x6c,0x38,0x10,0x00,0x00,0x00,
 400            0x00,0x00,0x00,0x00,0xc6,0xc6,0xc6,0xc6,0xc6,0xd6,0xfe,0xee,0xc6,
 401            0x00,0x00,0x00,0x00,0x00,0x00,0x00,0xc6,0xc6,0xc6,0x6c,0x38,0x6c,
 402            0xc6,0xc6,0xc6,0x00,0x00,0x00,0x00,0x00,0x00,0x00,0xc6,0xc6,0xc6,
 403            0x6c,0x38,0x38,0x38,0x38,0x7c,0x00,0x00,0x00,0x00,0x00,0x00,0x00,
 404            0xfe,0xc6,0x8c,0x18,0x30,0x60,0xc2,0xc6,0xfe,0x00,0x00,0x00,0x00,
 405            0x00,0x00,0x00,0x3c,0x30,0x30,0x30,0x30,0x30,0x30,0x30,0x3c,0x00,
 406            0x00,0x00,0x00,0x00,0x00,0x00,0x80,0xc0,0xe0,0x70,0x38,0x1c,0x0e,
 407            0x06,0x02,0x00,0x00,0x00,0x00,0x00,0x00,0x00,0x3c,0x0c,0x0c,0x0c,
 408            0x0c,0x0c,0x0c,0x0c,0x3c,0x00,0x00,0x00,0x00,0x00,0x10,0x38,0x6c,
 409            0xc6,0x00,0x00,0x00,0x00,0x00,0x00,0x00,0x00,0x00,0x00,0x00,0x00,
 410            0x00,0x00,0x00,0x00,0x00,0x00,0x00,0x00,0x00,0x00,0x00,0x00,0xfe,
 411            0x00,0x00,0x00,0x00,0x30,0x30,0x18,0x00,0x00,0x00,0x00,0x00,0x00,
 412            0x00,0x00,0x00,0x00,0x00,0x00,0x00,0x00,0x00,0x00,0x00,0x78,0x0c,
 413            0x7c,0xcc,0xcc,0x76,0x00,0x00,0x00,0x00,0x00,0x00,0x00,0xe0,0x60,
 414            0x60,0x78,0x6c,0x66,0x66,0x66,0xdc,0x00,0x00,0x00,0x00,0x00,0x00,
 415            0x00,0x00,0x00,0x00,0x7c,0xc6,0xc0,0xc0,0xc6,0x7c,0x00,0x00,0x00,
 416            0x00,0x00,0x00,0x00,0x1c,0x0c,0x0c,0x3c,0x6c,0xcc,0xcc,0xcc,0x76,
 417            0x00,0x00,0x00,0x00,0x00,0x00,0x00,0x00,0x00,0x00,0x7c,0xc6,0xfe,
 418            0xc0,0xc6,0x7c,0x00,0x00,0x00,0x00,0x00,0x00,0x00,0x1c,0x36,0x32,
 419            0x30,0x7c,0x30,0x30,0x30,0x78,0x00,0x00,0x00,0x00,0x00,0x00,0x00,
 420            0x00,0x00,0x00,0x76,0xcc,0xcc,0xcc,0x7c,0x0c,0xcc,0x78,0x00,0x00,
 421            0x00,0x00,0x00,0xe0,0x60,0x60,0x6c,0x76,0x66,0x66,0x66,0xe6,0x00,
 422            0x00,0x00,0x00,0x00,0x00,0x00,0x18,0x18,0x00,0x38,0x18,0x18,0x18,
 423            0x18,0x3c,0x00,0x00,0x00,0x00,0x00,0x00,0x00,0x06,0x06,0x00,0x0e,
 424            0x06,0x06,0x06,0x06,0x66,0x66,0x3c,0x00,0x00,0x00,0x00,0x00,0xe0,
 425            0x60,0x60,0x66,0x6c,0x78,0x6c,0x66,0xe6,0x00,0x00,0x00,0x00,0x00,
 426            0x00,0x00,0x38,0x18,0x18,0x18,0x18,0x18,0x18,0x18,0x3c,0x00,0x00,
C51 COMPILER V9.56.0.0   TFT                                                               12/05/2020 20:37:10 PAGE 8   

 427            0x00,0x00,0x00,0x00,0x00,0x00,0x00,0x00,0x44,0xfe,0xd6,0xd6,0xd6,
 428            0xd6,0x00,0x00,0x00,0x00,0x00,0x00,0x00,0x00,0x00,0x00,0xdc,0x66,
 429            0x66,0x66,0x66,0x66,0x00,0x00,0x00,0x00,0x00,0x00,0x00,0x00,0x00,
 430            0x00,0x7c,0xc6,0xc6,0xc6,0xc6,0x7c,0x00,0x00,0x00,0x00,0x00,0x00,
 431            0x00,0x00,0x00,0x00,0xdc,0x66,0x66,0x66,0x7c,0x60,0x60,0xf0,0x00,
 432            0x00,0x00,0x00,0x00,0x00,0x00,0x00,0x76,0xcc,0xcc,0xcc,0x7c,0x0c,
 433            0x0c,0x1e,0x00,0x00,0x00,0x00,0x00,0x00,0x00,0x00,0xdc,0x76,0x66,
 434            0x60,0x60,0xf0,0x00,0x00,0x00,0x00,0x00,0x00,0x00,0x00,0x00,0x00,
 435            0x7c,0xc6,0x70,0x1c,0xc6,0x7c,0x00,0x00,0x00,0x00,0x00,0x00,0x00,
 436            0x10,0x30,0x30,0xfc,0x30,0x30,0x30,0x36,0x1c,0x00,0x00,0x00,0x00,
 437            0x00,0x00,0x00,0x00,0x00,0x00,0xcc,0xcc,0xcc,0xcc,0xcc,0x76,0x00,
 438            0x00,0x00,0x00,0x00,0x00,0x00,0x00,0x00,0x00,0xc6,0xc6,0xc6,0x6c,
 439            0x38,0x10,0x00,0x00,0x00,0x00,0x00,0x00,0x00,0x00,0x00,0x00,0xc6,
 440            0xc6,0xc6,0xd6,0xfe,0x6c,0x00,0x00,0x00,0x00,0x00,0x00,0x00,0x00,
 441            0x00,0x00,0xc6,0x6c,0x38,0x38,0x6c,0xc6,0x00,0x00,0x00,0x00,0x00,
 442            0x00,0x00,0x00,0x00,0x00,0xc6,0xc6,0xc6,0xc6,0x7e,0x06,0x0c,0x78,
 443            0x00,0x00,0x00,0x00,0x00,0x00,0x00,0x00,0xfe,0xcc,0x18,0x30,0x66,
 444            0xfe,0x00,0x00,0x00,0x00,0x00,0x00,0x00,0x0e,0x18,0x18,0x18,0x70,
 445            0x18,0x18,0x18,0x0e,0x00,0x00,0x00,0x00,0x00,0x00,0x00,0x18,0x18,
 446            0x18,0x18,0x00,0x18,0x18,0x18,0x18,0x00,0x00,0x00,0x00,0x00,0x00,
 447            0x00,0x70,0x18,0x18,0x18,0x0e,0x18,0x18,0x18,0x70,0x00,0x00,0x00,
 448            0x00,0x00,0x00,0x00,0x76,0xdc,0x00,0x00,0x00,0x00,0x00,0x00,0x00,
 449          
 450            };


MODULE INFORMATION:   STATIC OVERLAYABLE
   CODE SIZE        =   1028    ----
   CONSTANT SIZE    =   1625    ----
   XDATA SIZE       =   ----    ----
   PDATA SIZE       =   ----    ----
   DATA SIZE        =   ----      67
   IDATA SIZE       =   ----    ----
   BIT SIZE         =   ----    ----
END OF MODULE INFORMATION.


C51 COMPILATION COMPLETE.  0 WARNING(S),  0 ERROR(S)
