C51 COMPILER V9.56.0.0   TIMER                                                             12/05/2020 20:37:10 PAGE 1   


C51 COMPILER V9.56.0.0, COMPILATION OF MODULE TIMER
OBJECT MODULE PLACED IN .\Objects\Timer.obj
COMPILER INVOKED BY: G:\KEIL C51\C51\BIN\C51.EXE Timer.c OPTIMIZE(8,SPEED) BROWSE DEBUG OBJECTEXTEND PRINT(.\Listings\Ti
                    -mer.lst) TABS(2) OBJECT(.\Objects\Timer.obj)

line level    source

   1          #include<reg52.h>
   2          
   3          extern int cnt200;
   4          //默认工作方式1，定时1ms，定时器需手动取消注释开启工作
   5          
   6          void Timer_Init()
   7          {
   8   1        TMOD = 0x11;
   9   1        TH0 = 0xff;
  10   1        TL0 = 0x9c;
  11   1        //ET1 = 1;
  12   1        ET0 = 1;
  13   1        EA = 1;
  14   1        //TR1 = 1;
  15   1        //TR0 = 1;
  16   1      }
  17          
  18          void Timer0_Task() interrupt 1
  19          {
  20   1        TH0 = 0xff;
  21   1        TL0 = 0x9c;
  22   1        cnt200++;
  23   1      }
  24          


MODULE INFORMATION:   STATIC OVERLAYABLE
   CODE SIZE        =     33    ----
   CONSTANT SIZE    =   ----    ----
   XDATA SIZE       =   ----    ----
   PDATA SIZE       =   ----    ----
   DATA SIZE        =   ----    ----
   IDATA SIZE       =   ----    ----
   BIT SIZE         =   ----    ----
END OF MODULE INFORMATION.


C51 COMPILATION COMPLETE.  0 WARNING(S),  0 ERROR(S)
